<?xml version="1.0" encoding="UTF-8"?>
<!-- Generated by org.testng.reporters.JUnitReportReporter -->
<testsuite hostname="DESKTOP-B86JE8J" failures="0" tests="2" name="Automation.DataProviderTest5" time="0.007" errors="0" timestamp="2023-07-05T21:52:23 BDT" skipped="0">
  <testcase classname="Automation.DataProviderTest5" name="Login" time="0.001"/>
  <testcase classname="Automation.DataProviderTest5" name="Login" time="0.006"/>
</testsuite> <!-- Automation.DataProviderTest5 -->
