<?xml version="1.0" encoding="UTF-8"?>
<!-- Generated by org.testng.reporters.JUnitReportReporter -->
<testsuite hostname="DESKTOP-B86JE8J" failures="0" tests="2" name="Automation.DataProviderTest6" time="0.006" errors="0" timestamp="2023-07-05T22:50:49 BDT" skipped="0">
  <testcase classname="Automation.DataProviderTest6" name="Login" time="0.001"/>
  <testcase classname="Automation.DataProviderTest6" name="Login" time="0.005"/>
</testsuite> <!-- Automation.DataProviderTest6 -->
