<?xml version="1.0" encoding="UTF-8"?>
<!-- Generated by org.testng.reporters.JUnitReportReporter -->
<testsuite hostname="DESKTOP-B86JE8J" failures="0" tests="3" name="Automation.DataProviderTest2" time="0.012" errors="0" timestamp="2023-07-05T21:08:39 BDT" skipped="0">
  <testcase classname="Automation.DataProviderTest2" name="Login" time="0.001"/>
  <testcase classname="Automation.DataProviderTest2" name="Login" time="0.009"/>
  <testcase classname="Automation.DataProviderTest2" name="Login" time="0.002"/>
</testsuite> <!-- Automation.DataProviderTest2 -->
