<?xml version="1.0" encoding="UTF-8"?>
<!-- Generated by org.testng.reporters.JUnitReportReporter -->
<testsuite hostname="DESKTOP-B86JE8J" failures="0" tests="1" name="Automation.VerifyTitleTest" time="62.010" errors="0" timestamp="2023-06-18T00:00:41 BDT" skipped="0">
  <testcase classname="Automation.VerifyTitleTest" name="verifyTitle" time="62.010"/>
</testsuite> <!-- Automation.VerifyTitleTest -->
