<?xml version="1.0" encoding="UTF-8"?>
<!-- Generated by org.testng.reporters.JUnitReportReporter -->
<testsuite hostname="DESKTOP-B86JE8J" failures="0" tests="2" name="Automation.LoginTest" time="0.009" errors="0" timestamp="2023-06-17T20:18:19 BDT" skipped="0">
  <testcase classname="Automation.LoginTest" name="aTest" time="0.006"/>
  <testcase classname="Automation.LoginTest" name="bTest" time="0.003"/>
</testsuite> <!-- Automation.LoginTest -->
