<?xml version="1.0" encoding="UTF-8"?>
<!-- Generated by org.testng.reporters.JUnitReportReporter -->
<testsuite hostname="DESKTOP-B86JE8J" failures="0" tests="3" name="Automation.DataProviderTest3" time="0.008" errors="0" timestamp="2023-07-05T21:51:49 BDT" skipped="0">
  <testcase classname="Automation.DataProviderTest3" name="Login" time="0.001"/>
  <testcase classname="Automation.DataProviderTest3" name="Login" time="0.006"/>
  <testcase classname="Automation.DataProviderTest3" name="Login" time="0.001"/>
</testsuite> <!-- Automation.DataProviderTest3 -->
