<?xml version="1.0" encoding="UTF-8"?>
<!-- Generated by org.testng.reporters.JUnitReportReporter -->
<testsuite hostname="DESKTOP-B86JE8J" failures="0" tests="2" name="Automation.GroupTC2" time="0.003" errors="0" timestamp="2023-06-18T23:00:08 BDT" skipped="0">
  <testcase classname="Automation.GroupTC2" name="test10" time="0.001"/>
  <testcase classname="Automation.GroupTC2" name="test7" time="0.002"/>
</testsuite> <!-- Automation.GroupTC2 -->
