<?xml version="1.0" encoding="UTF-8"?>
<!-- Generated by org.testng.reporters.JUnitReportReporter -->
<testsuite hostname="DESKTOP-B86JE8J" failures="0" tests="3" name="Automation.InvocationCount" time="17.266" errors="0" timestamp="2023-07-09T19:50:27 BDT" skipped="0">
  <testcase classname="Automation.InvocationCount" name="Test1" time="7.052"/>
  <testcase classname="Automation.InvocationCount" name="Test1" time="4.620"/>
  <testcase classname="Automation.InvocationCount" name="Test1" time="5.594"/>
</testsuite> <!-- Automation.InvocationCount -->
