<?xml version="1.0" encoding="UTF-8"?>
<!-- Generated by org.testng.reporters.JUnitReportReporter -->
<testsuite hostname="DESKTOP-B86JE8J" failures="0" tests="2" name="Automation.LoginTest" time="0.009" errors="0" timestamp="2023-06-17T19:46:48 BDT" skipped="0">
  <testcase classname="Automation.LoginTest" name="loginTest" time="0.007"/>
  <testcase classname="Automation.LoginTest" name="logoutTest" time="0.002"/>
</testsuite> <!-- Automation.LoginTest -->
