<?xml version="1.0" encoding="UTF-8"?>
<!-- Generated by org.testng.reporters.JUnitReportReporter -->
<testsuite hostname="DESKTOP-B86JE8J" failures="0" tests="4" name="Automation.GroupTC" time="0.010" errors="0" timestamp="2023-06-24T21:14:08 BDT" skipped="0">
  <testcase classname="Automation.GroupTC" name="test1" time="0.007"/>
  <testcase classname="Automation.GroupTC" name="test3" time="0.001"/>
  <testcase classname="Automation.GroupTC" name="test2" time="0.001"/>
  <testcase classname="Automation.GroupTC" name="test4" time="0.001"/>
</testsuite> <!-- Automation.GroupTC -->
