<?xml version="1.0" encoding="UTF-8"?>
<!-- Generated by org.testng.reporters.JUnitReportReporter -->
<testsuite hostname="DESKTOP-B86JE8J" failures="0" tests="1" name="Automation.VerifyText" time="12.577" errors="0" timestamp="2023-06-18T17:54:33 BDT" skipped="0">
  <testcase classname="Automation.VerifyText" name="verifyTitle" time="12.577"/>
</testsuite> <!-- Automation.VerifyText -->
